<?xml version="1.0" encoding="UTF-8"?>
<testng-results ignored="0" total="1" passed="1" failed="0" skipped="0">
  <reporter-output>
  </reporter-output>
  <suite started-at="2019-12-25T08:34:39Z" name="Surefire suite" finished-at="2019-12-25T08:35:06Z" duration-ms="26647">
    <groups>
    </groups>
    <test started-at="2019-12-25T08:34:39Z" name="Surefire test" finished-at="2019-12-25T08:35:06Z" duration-ms="26647">
      <class name="com.herokuapp.theinternet.PostiveTests">
        <test-method signature="loginTest()[pri:0, instance:com.herokuapp.theinternet.PostiveTests@42607a4f]" started-at="2019-12-25T08:34:39Z" name="loginTest" finished-at="2019-12-25T08:35:06Z" duration-ms="26614" status="PASS">
          <reporter-output>
          </reporter-output>
        </test-method> <!-- loginTest -->
      </class> <!-- com.herokuapp.theinternet.PostiveTests -->
    </test> <!-- Surefire test -->
  </suite> <!-- Surefire suite -->
</testng-results>
